<?xml version="1.0" encoding="UTF-8"?>
<coverage generated="1767169497357" clover="3.2.0">
  <project timestamp="1767169497357" name="All files">
    <metrics statements="83" coveredstatements="83" conditionals="67" coveredconditionals="57" methods="13" coveredmethods="13" elements="163" coveredelements="153" complexity="0" loc="83" ncloc="83" packages="1" files="1" classes="1"/>
    <file name="explore.utils.ts" path="/Users/malin/Projects/Sally/app/(tabs)/explore.utils.ts">
      <metrics statements="83" coveredstatements="83" conditionals="67" coveredconditionals="57" methods="13" coveredmethods="13"/>
      <line num="1" count="1" type="stmt"/>
      <line num="4" count="1" type="stmt"/>
      <line num="7" count="1" type="stmt"/>
      <line num="8" count="13" type="stmt"/>
      <line num="9" count="13" type="stmt"/>
      <line num="10" count="13" type="stmt"/>
      <line num="12" count="13" type="stmt"/>
      <line num="15" count="13" type="stmt"/>
      <line num="16" count="13" type="stmt"/>
      <line num="20" count="1" type="stmt"/>
      <line num="21" count="2" type="stmt"/>
      <line num="22" count="2" type="stmt"/>
      <line num="26" count="1" type="stmt"/>
      <line num="27" count="16" type="stmt"/>
      <line num="28" count="16" type="stmt"/>
      <line num="30" count="16" type="cond" truecount="2" falsecount="0"/>
      <line num="33" count="9" type="stmt"/>
      <line num="35" count="9" type="stmt"/>
      <line num="36" count="18" type="stmt"/>
      <line num="37" count="18" type="stmt"/>
      <line num="38" count="162" type="stmt"/>
      <line num="40" count="33" type="stmt"/>
      <line num="43" count="9" type="stmt"/>
      <line num="44" count="9" type="stmt"/>
      <line num="47" count="9" type="cond" truecount="1" falsecount="1"/>
      <line num="48" count="9" type="cond" truecount="1" falsecount="1"/>
      <line num="50" count="9" type="stmt"/>
      <line num="51" count="9" type="stmt"/>
      <line num="52" count="16" type="stmt"/>
      <line num="53" count="23" type="cond" truecount="5" falsecount="0"/>
      <line num="54" count="13" type="stmt"/>
      <line num="55" count="13" type="stmt"/>
      <line num="61" count="9" type="stmt"/>
      <line num="64" count="9" type="cond" truecount="3" falsecount="1"/>
      <line num="65" count="9" type="stmt"/>
      <line num="66" count="9" type="stmt"/>
      <line num="67" count="9" type="cond" truecount="5" falsecount="0"/>
      <line num="68" count="8" type="stmt"/>
      <line num="72" count="1" type="stmt"/>
      <line num="76" count="1" type="stmt"/>
      <line num="77" count="10" type="stmt"/>
      <line num="80" count="10" type="stmt"/>
      <line num="81" count="10" type="stmt"/>
      <line num="84" count="10" type="stmt"/>
      <line num="90" count="10" type="cond" truecount="2" falsecount="0"/>
      <line num="91" count="1" type="cond" truecount="1" falsecount="1"/>
      <line num="92" count="1" type="cond" truecount="1" falsecount="1"/>
      <line num="93" count="1" type="cond" truecount="1" falsecount="1"/>
      <line num="96" count="10" type="stmt"/>
      <line num="97" count="10" type="stmt"/>
      <line num="98" count="10" type="cond" truecount="1" falsecount="1"/>
      <line num="101" count="10" type="cond" truecount="2" falsecount="0"/>
      <line num="102" count="9" type="stmt"/>
      <line num="104" count="9" type="cond" truecount="2" falsecount="0"/>
      <line num="105" count="1" type="cond" truecount="1" falsecount="1"/>
      <line num="106" count="1" type="cond" truecount="1" falsecount="1"/>
      <line num="110" count="10" type="cond" truecount="2" falsecount="0"/>
      <line num="111" count="9" type="cond" truecount="2" falsecount="0"/>
      <line num="112" count="7" type="cond" truecount="2" falsecount="0"/>
      <line num="113" count="6" type="cond" truecount="2" falsecount="0"/>
      <line num="114" count="3" type="cond" truecount="2" falsecount="0"/>
      <line num="115" count="1" type="cond" truecount="1" falsecount="1"/>
      <line num="118" count="10" type="stmt"/>
      <line num="122" count="1" type="stmt"/>
      <line num="123" count="7" type="stmt"/>
      <line num="125" count="7" type="stmt"/>
      <line num="126" count="7" type="stmt"/>
      <line num="128" count="91" type="stmt"/>
      <line num="132" count="7" type="stmt"/>
      <line num="135" count="7" type="cond" truecount="2" falsecount="0"/>
      <line num="139" count="1" type="stmt"/>
      <line num="140" count="18" type="cond" truecount="2" falsecount="0"/>
      <line num="143" count="18" type="stmt"/>
      <line num="153" count="70" type="stmt"/>
      <line num="157" count="1" type="stmt"/>
      <line num="162" count="21" type="cond" truecount="2" falsecount="0"/>
      <line num="165" count="21" type="cond" truecount="2" falsecount="0"/>
      <line num="166" count="5" type="stmt"/>
      <line num="170" count="16" type="cond" truecount="4" falsecount="0"/>
      <line num="171" count="5" type="stmt"/>
      <line num="175" count="11" type="cond" truecount="5" falsecount="0"/>
      <line num="176" count="5" type="stmt"/>
      <line num="180" count="6" type="stmt"/>
    </file>
  </project>
</coverage>
