{"/Users/malin/Projects/Sally/app/(tabs)/explore.utils.ts": {"path":"/Users/malin/Projects/Sally/app/(tabs)/explore.utils.ts","statementMap":{"0":{"start":{"line":1,"column":0},"end":{"line":1,"column":26}},"1":{"start":{"line":4,"column":0},"end":{"line":4,"column":150}},"2":{"start":{"line":7,"column":33},"end":{"line":17,"column":1}},"3":{"start":{"line":8,"column":12},"end":{"line":8,"column":16}},"4":{"start":{"line":9,"column":15},"end":{"line":9,"column":44}},"5":{"start":{"line":10,"column":15},"end":{"line":10,"column":44}},"6":{"start":{"line":12,"column":4},"end":{"line":14,"column":43}},"7":{"start":{"line":15,"column":12},"end":{"line":15,"column":58}},"8":{"start":{"line":16,"column":2},"end":{"line":16,"column":15}},"9":{"start":{"line":7,"column":13},"end":{"line":7,"column":33}},"10":{"start":{"line":20,"column":27},"end":{"line":23,"column":1}},"11":{"start":{"line":21,"column":21},"end":{"line":21,"column":60}},"12":{"start":{"line":22,"column":2},"end":{"line":22,"column":22}},"13":{"start":{"line":20,"column":13},"end":{"line":20,"column":27}},"14":{"start":{"line":26,"column":32},"end":{"line":73,"column":1}},"15":{"start":{"line":27,"column":13},"end":{"line":27,"column":38}},"16":{"start":{"line":28,"column":13},"end":{"line":28,"column":38}},"17":{"start":{"line":30,"column":2},"end":{"line":30,"column":26}},"18":{"start":{"line":30,"column":17},"end":{"line":30,"column":26}},"19":{"start":{"line":33,"column":21},"end":{"line":33,"column":109}},"20":{"start":{"line":35,"column":22},"end":{"line":41,"column":3}},"21":{"start":{"line":36,"column":18},"end":{"line":36,"column":21}},"22":{"start":{"line":37,"column":4},"end":{"line":39,"column":7}},"23":{"start":{"line":38,"column":6},"end":{"line":38,"column":71}},"24":{"start":{"line":40,"column":4},"end":{"line":40,"column":65}},"25":{"start":{"line":40,"column":51},"end":{"line":40,"column":63}},"26":{"start":{"line":43,"column":17},"end":{"line":43,"column":32}},"27":{"start":{"line":44,"column":17},"end":{"line":44,"column":32}},"28":{"start":{"line":47,"column":22},"end":{"line":47,"column":66}},"29":{"start":{"line":48,"column":22},"end":{"line":48,"column":66}},"30":{"start":{"line":50,"column":19},"end":{"line":50,"column":20}},"31":{"start":{"line":51,"column":2},"end":{"line":58,"column":3}},"32":{"start":{"line":52,"column":4},"end":{"line":57,"column":5}},"33":{"start":{"line":53,"column":6},"end":{"line":56,"column":7}},"34":{"start":{"line":54,"column":8},"end":{"line":54,"column":21}},"35":{"start":{"line":55,"column":8},"end":{"line":55,"column":14}},"36":{"start":{"line":61,"column":21},"end":{"line":61,"column":82}},"37":{"start":{"line":64,"column":2},"end":{"line":70,"column":3}},"38":{"start":{"line":65,"column":23},"end":{"line":65,"column":37}},"39":{"start":{"line":66,"column":23},"end":{"line":66,"column":37}},"40":{"start":{"line":67,"column":4},"end":{"line":69,"column":5}},"41":{"start":{"line":68,"column":6},"end":{"line":68,"column":43}},"42":{"start":{"line":72,"column":2},"end":{"line":72,"column":20}},"43":{"start":{"line":26,"column":13},"end":{"line":26,"column":32}},"44":{"start":{"line":76,"column":26},"end":{"line":119,"column":1}},"45":{"start":{"line":77,"column":14},"end":{"line":77,"column":15}},"46":{"start":{"line":80,"column":25},"end":{"line":80,"column":65}},"47":{"start":{"line":81,"column":2},"end":{"line":81,"column":31}},"48":{"start":{"line":84,"column":19},"end":{"line":88,"column":null}},"49":{"start":{"line":90,"column":2},"end":{"line":93,"column":37}},"50":{"start":{"line":90,"column":20},"end":{"line":90,"column":32}},"51":{"start":{"line":91,"column":7},"end":{"line":93,"column":37}},"52":{"start":{"line":91,"column":25},"end":{"line":91,"column":37}},"53":{"start":{"line":92,"column":7},"end":{"line":93,"column":37}},"54":{"start":{"line":92,"column":26},"end":{"line":92,"column":38}},"55":{"start":{"line":93,"column":7},"end":{"line":93,"column":37}},"56":{"start":{"line":93,"column":26},"end":{"line":93,"column":37}},"57":{"start":{"line":96,"column":24},"end":{"line":96,"column":94}},"58":{"start":{"line":97,"column":26},"end":{"line":97,"column":86}},"59":{"start":{"line":97,"column":60},"end":{"line":97,"column":85}},"60":{"start":{"line":98,"column":2},"end":{"line":98,"column":35}},"61":{"start":{"line":98,"column":23},"end":{"line":98,"column":35}},"62":{"start":{"line":101,"column":2},"end":{"line":107,"column":3}},"63":{"start":{"line":102,"column":4},"end":{"line":102,"column":16}},"64":{"start":{"line":104,"column":4},"end":{"line":106,"column":46}},"65":{"start":{"line":104,"column":30},"end":{"line":104,"column":42}},"66":{"start":{"line":105,"column":9},"end":{"line":106,"column":46}},"67":{"start":{"line":105,"column":35},"end":{"line":105,"column":46}},"68":{"start":{"line":106,"column":9},"end":{"line":106,"column":46}},"69":{"start":{"line":106,"column":35},"end":{"line":106,"column":46}},"70":{"start":{"line":110,"column":2},"end":{"line":116,"column":3}},"71":{"start":{"line":111,"column":4},"end":{"line":115,"column":55}},"72":{"start":{"line":111,"column":41},"end":{"line":111,"column":53}},"73":{"start":{"line":112,"column":9},"end":{"line":115,"column":55}},"74":{"start":{"line":112,"column":46},"end":{"line":112,"column":58}},"75":{"start":{"line":113,"column":9},"end":{"line":115,"column":55}},"76":{"start":{"line":113,"column":45},"end":{"line":113,"column":57}},"77":{"start":{"line":114,"column":9},"end":{"line":115,"column":55}},"78":{"start":{"line":114,"column":45},"end":{"line":114,"column":57}},"79":{"start":{"line":115,"column":9},"end":{"line":115,"column":55}},"80":{"start":{"line":115,"column":44},"end":{"line":115,"column":55}},"81":{"start":{"line":118,"column":2},"end":{"line":118,"column":15}},"82":{"start":{"line":76,"column":13},"end":{"line":76,"column":26}},"83":{"start":{"line":122,"column":32},"end":{"line":136,"column":1}},"84":{"start":{"line":123,"column":21},"end":{"line":123,"column":146}},"85":{"start":{"line":125,"column":16},"end":{"line":125,"column":25}},"86":{"start":{"line":126,"column":2},"end":{"line":129,"column":5}},"87":{"start":{"line":128,"column":4},"end":{"line":128,"column":69}},"88":{"start":{"line":132,"column":2},"end":{"line":132,"column":48}},"89":{"start":{"line":135,"column":2},"end":{"line":135,"column":60}},"90":{"start":{"line":122,"column":13},"end":{"line":122,"column":32}}},"fnMap":{"0":{"name":"(anonymous_1)","decl":{"start":{"line":7,"column":33},"end":{"line":7,"column":34}},"loc":{"start":{"line":7,"column":100},"end":{"line":17,"column":1}}},"1":{"name":"(anonymous_2)","decl":{"start":{"line":20,"column":27},"end":{"line":20,"column":28}},"loc":{"start":{"line":20,"column":82},"end":{"line":23,"column":1}}},"2":{"name":"(anonymous_3)","decl":{"start":{"line":26,"column":32},"end":{"line":26,"column":33}},"loc":{"start":{"line":26,"column":71},"end":{"line":73,"column":1}}},"3":{"name":"(anonymous_4)","decl":{"start":{"line":35,"column":22},"end":{"line":35,"column":23}},"loc":{"start":{"line":35,"column":38},"end":{"line":41,"column":3}}},"4":{"name":"(anonymous_5)","decl":{"start":{"line":37,"column":23},"end":{"line":37,"column":27}},"loc":{"start":{"line":37,"column":30},"end":{"line":39,"column":5}}},"5":{"name":"(anonymous_6)","decl":{"start":{"line":40,"column":46},"end":{"line":40,"column":47}},"loc":{"start":{"line":40,"column":51},"end":{"line":40,"column":63}}},"6":{"name":"(anonymous_7)","decl":{"start":{"line":76,"column":26},"end":{"line":76,"column":27}},"loc":{"start":{"line":76,"column":105},"end":{"line":119,"column":1}}},"7":{"name":"(anonymous_8)","decl":{"start":{"line":97,"column":45},"end":{"line":97,"column":46}},"loc":{"start":{"line":97,"column":60},"end":{"line":97,"column":85}}},"8":{"name":"(anonymous_9)","decl":{"start":{"line":122,"column":32},"end":{"line":122,"column":33}},"loc":{"start":{"line":122,"column":62},"end":{"line":136,"column":1}}},"9":{"name":"(anonymous_10)","decl":{"start":{"line":126,"column":21},"end":{"line":126,"column":25}},"loc":{"start":{"line":126,"column":28},"end":{"line":129,"column":3}}}},"branchMap":{"0":{"loc":{"start":{"line":30,"column":2},"end":{"line":30,"column":26}},"type":"if","locations":[{"start":{"line":30,"column":2},"end":{"line":30,"column":26}},{"start":{},"end":{}}]},"1":{"loc":{"start":{"line":47,"column":22},"end":{"line":47,"column":66}},"type":"cond-expr","locations":[{"start":{"line":47,"column":42},"end":{"line":47,"column":48}},{"start":{"line":47,"column":51},"end":{"line":47,"column":66}}]},"2":{"loc":{"start":{"line":48,"column":22},"end":{"line":48,"column":66}},"type":"cond-expr","locations":[{"start":{"line":48,"column":42},"end":{"line":48,"column":48}},{"start":{"line":48,"column":51},"end":{"line":48,"column":66}}]},"3":{"loc":{"start":{"line":53,"column":6},"end":{"line":56,"column":7}},"type":"if","locations":[{"start":{"line":53,"column":6},"end":{"line":56,"column":7}},{"start":{},"end":{}}]},"4":{"loc":{"start":{"line":53,"column":10},"end":{"line":53,"column":75}},"type":"binary-expr","locations":[{"start":{"line":53,"column":10},"end":{"line":53,"column":25}},{"start":{"line":53,"column":29},"end":{"line":53,"column":50}},{"start":{"line":53,"column":54},"end":{"line":53,"column":75}}]},"5":{"loc":{"start":{"line":64,"column":2},"end":{"line":70,"column":3}},"type":"if","locations":[{"start":{"line":64,"column":2},"end":{"line":70,"column":3}},{"start":{},"end":{}}]},"6":{"loc":{"start":{"line":64,"column":6},"end":{"line":64,"column":54}},"type":"binary-expr","locations":[{"start":{"line":64,"column":6},"end":{"line":64,"column":28}},{"start":{"line":64,"column":32},"end":{"line":64,"column":54}}]},"7":{"loc":{"start":{"line":67,"column":4},"end":{"line":69,"column":5}},"type":"if","locations":[{"start":{"line":67,"column":4},"end":{"line":69,"column":5}},{"start":{},"end":{}}]},"8":{"loc":{"start":{"line":67,"column":8},"end":{"line":67,"column":103}},"type":"binary-expr","locations":[{"start":{"line":67,"column":8},"end":{"line":67,"column":33}},{"start":{"line":67,"column":37},"end":{"line":67,"column":68}},{"start":{"line":67,"column":72},"end":{"line":67,"column":103}}]},"9":{"loc":{"start":{"line":90,"column":2},"end":{"line":93,"column":37}},"type":"if","locations":[{"start":{"line":90,"column":2},"end":{"line":93,"column":37}},{"start":{"line":91,"column":7},"end":{"line":93,"column":37}}]},"10":{"loc":{"start":{"line":91,"column":7},"end":{"line":93,"column":37}},"type":"if","locations":[{"start":{"line":91,"column":7},"end":{"line":93,"column":37}},{"start":{"line":92,"column":7},"end":{"line":93,"column":37}}]},"11":{"loc":{"start":{"line":92,"column":7},"end":{"line":93,"column":37}},"type":"if","locations":[{"start":{"line":92,"column":7},"end":{"line":93,"column":37}},{"start":{"line":93,"column":7},"end":{"line":93,"column":37}}]},"12":{"loc":{"start":{"line":93,"column":7},"end":{"line":93,"column":37}},"type":"if","locations":[{"start":{"line":93,"column":7},"end":{"line":93,"column":37}},{"start":{},"end":{}}]},"13":{"loc":{"start":{"line":98,"column":2},"end":{"line":98,"column":35}},"type":"if","locations":[{"start":{"line":98,"column":2},"end":{"line":98,"column":35}},{"start":{},"end":{}}]},"14":{"loc":{"start":{"line":101,"column":2},"end":{"line":107,"column":3}},"type":"if","locations":[{"start":{"line":101,"column":2},"end":{"line":107,"column":3}},{"start":{},"end":{}}]},"15":{"loc":{"start":{"line":104,"column":4},"end":{"line":106,"column":46}},"type":"if","locations":[{"start":{"line":104,"column":4},"end":{"line":106,"column":46}},{"start":{"line":105,"column":9},"end":{"line":106,"column":46}}]},"16":{"loc":{"start":{"line":105,"column":9},"end":{"line":106,"column":46}},"type":"if","locations":[{"start":{"line":105,"column":9},"end":{"line":106,"column":46}},{"start":{"line":106,"column":9},"end":{"line":106,"column":46}}]},"17":{"loc":{"start":{"line":106,"column":9},"end":{"line":106,"column":46}},"type":"if","locations":[{"start":{"line":106,"column":9},"end":{"line":106,"column":46}},{"start":{},"end":{}}]},"18":{"loc":{"start":{"line":110,"column":2},"end":{"line":116,"column":3}},"type":"if","locations":[{"start":{"line":110,"column":2},"end":{"line":116,"column":3}},{"start":{},"end":{}}]},"19":{"loc":{"start":{"line":111,"column":4},"end":{"line":115,"column":55}},"type":"if","locations":[{"start":{"line":111,"column":4},"end":{"line":115,"column":55}},{"start":{"line":112,"column":9},"end":{"line":115,"column":55}}]},"20":{"loc":{"start":{"line":112,"column":9},"end":{"line":115,"column":55}},"type":"if","locations":[{"start":{"line":112,"column":9},"end":{"line":115,"column":55}},{"start":{"line":113,"column":9},"end":{"line":115,"column":55}}]},"21":{"loc":{"start":{"line":113,"column":9},"end":{"line":115,"column":55}},"type":"if","locations":[{"start":{"line":113,"column":9},"end":{"line":115,"column":55}},{"start":{"line":114,"column":9},"end":{"line":115,"column":55}}]},"22":{"loc":{"start":{"line":114,"column":9},"end":{"line":115,"column":55}},"type":"if","locations":[{"start":{"line":114,"column":9},"end":{"line":115,"column":55}},{"start":{"line":115,"column":9},"end":{"line":115,"column":55}}]},"23":{"loc":{"start":{"line":115,"column":9},"end":{"line":115,"column":55}},"type":"if","locations":[{"start":{"line":115,"column":9},"end":{"line":115,"column":55}},{"start":{},"end":{}}]},"24":{"loc":{"start":{"line":135,"column":9},"end":{"line":135,"column":59}},"type":"cond-expr","locations":[{"start":{"line":135,"column":30},"end":{"line":135,"column":47}},{"start":{"line":135,"column":50},"end":{"line":135,"column":59}}]}},"s":{"0":1,"1":1,"2":1,"3":13,"4":13,"5":13,"6":13,"7":13,"8":13,"9":1,"10":1,"11":2,"12":2,"13":1,"14":1,"15":16,"16":16,"17":16,"18":7,"19":9,"20":9,"21":18,"22":18,"23":162,"24":18,"25":33,"26":9,"27":9,"28":9,"29":9,"30":9,"31":9,"32":16,"33":23,"34":13,"35":13,"36":9,"37":9,"38":9,"39":9,"40":9,"41":8,"42":1,"43":1,"44":1,"45":10,"46":10,"47":10,"48":10,"49":10,"50":9,"51":1,"52":0,"53":1,"54":0,"55":1,"56":1,"57":10,"58":10,"59":10,"60":10,"61":10,"62":10,"63":9,"64":9,"65":8,"66":1,"67":0,"68":1,"69":0,"70":10,"71":9,"72":2,"73":7,"74":1,"75":6,"76":3,"77":3,"78":2,"79":1,"80":1,"81":10,"82":1,"83":1,"84":7,"85":7,"86":7,"87":91,"88":7,"89":7,"90":1},"f":{"0":13,"1":2,"2":16,"3":18,"4":162,"5":33,"6":10,"7":10,"8":7,"9":91},"b":{"0":[7,9],"1":[9,0],"2":[9,0],"3":[13,10],"4":[23,10,10],"5":[9,0],"6":[9,9],"7":[8,1],"8":[9,1,1],"9":[9,1],"10":[0,1],"11":[0,1],"12":[1,0],"13":[10,0],"14":[9,1],"15":[8,1],"16":[0,1],"17":[0,1],"18":[9,1],"19":[2,7],"20":[1,6],"21":[3,3],"22":[2,1],"23":[1,0],"24":[6,1]}}
}
