TN:
SF:app/(tabs)/explore.utils.ts
FN:7,(anonymous_1)
FN:20,(anonymous_2)
FN:26,(anonymous_3)
FN:35,(anonymous_4)
FN:37,(anonymous_5)
FN:40,(anonymous_6)
FN:76,(anonymous_7)
FN:97,(anonymous_8)
FN:122,(anonymous_9)
FN:126,(anonymous_10)
FNF:10
FNH:10
FNDA:13,(anonymous_1)
FNDA:2,(anonymous_2)
FNDA:16,(anonymous_3)
FNDA:18,(anonymous_4)
FNDA:162,(anonymous_5)
FNDA:33,(anonymous_6)
FNDA:10,(anonymous_7)
FNDA:10,(anonymous_8)
FNDA:7,(anonymous_9)
FNDA:91,(anonymous_10)
DA:1,1
DA:4,1
DA:7,1
DA:8,13
DA:9,13
DA:10,13
DA:12,13
DA:15,13
DA:16,13
DA:20,1
DA:21,2
DA:22,2
DA:26,1
DA:27,16
DA:28,16
DA:30,16
DA:33,9
DA:35,9
DA:36,18
DA:37,18
DA:38,162
DA:40,33
DA:43,9
DA:44,9
DA:47,9
DA:48,9
DA:50,9
DA:51,9
DA:52,16
DA:53,23
DA:54,13
DA:55,13
DA:61,9
DA:64,9
DA:65,9
DA:66,9
DA:67,9
DA:68,8
DA:72,1
DA:76,1
DA:77,10
DA:80,10
DA:81,10
DA:84,10
DA:90,10
DA:91,1
DA:92,1
DA:93,1
DA:96,10
DA:97,10
DA:98,10
DA:101,10
DA:102,9
DA:104,9
DA:105,1
DA:106,1
DA:110,10
DA:111,9
DA:112,7
DA:113,6
DA:114,3
DA:115,1
DA:118,10
DA:122,1
DA:123,7
DA:125,7
DA:126,7
DA:128,91
DA:132,7
DA:135,7
LF:70
LH:70
BRDA:30,0,0,7
BRDA:30,0,1,9
BRDA:47,1,0,9
BRDA:47,1,1,0
BRDA:48,2,0,9
BRDA:48,2,1,0
BRDA:53,3,0,13
BRDA:53,3,1,10
BRDA:53,4,0,23
BRDA:53,4,1,10
BRDA:53,4,2,10
BRDA:64,5,0,9
BRDA:64,5,1,0
BRDA:64,6,0,9
BRDA:64,6,1,9
BRDA:67,7,0,8
BRDA:67,7,1,1
BRDA:67,8,0,9
BRDA:67,8,1,1
BRDA:67,8,2,1
BRDA:90,9,0,9
BRDA:90,9,1,1
BRDA:91,10,0,0
BRDA:91,10,1,1
BRDA:92,11,0,0
BRDA:92,11,1,1
BRDA:93,12,0,1
BRDA:93,12,1,0
BRDA:98,13,0,10
BRDA:98,13,1,0
BRDA:101,14,0,9
BRDA:101,14,1,1
BRDA:104,15,0,8
BRDA:104,15,1,1
BRDA:105,16,0,0
BRDA:105,16,1,1
BRDA:106,17,0,0
BRDA:106,17,1,1
BRDA:110,18,0,9
BRDA:110,18,1,1
BRDA:111,19,0,2
BRDA:111,19,1,7
BRDA:112,20,0,1
BRDA:112,20,1,6
BRDA:113,21,0,3
BRDA:113,21,1,3
BRDA:114,22,0,2
BRDA:114,22,1,1
BRDA:115,23,0,1
BRDA:115,23,1,0
BRDA:135,24,0,6
BRDA:135,24,1,1
BRF:52
BRH:42
end_of_record
